<?xml version="1.0" encoding="UTF-8"?>
<!-- Generated by org.testng.reporters.JUnitXMLReporter -->
<testsuite ignored="2" hostname="lenovo-PC" failures="2" tests="2" name="Default test(failed)" time="7.16" errors="0" timestamp="2024-06-08T13:39:16 IST">
  <testcase classname="test.SwagLabLoginTest" name="loginWithValidUser" time="0.002">
    <failure type="java.lang.NullPointerException" message="Cannot invoke &amp;quot;com.aventstack.extentreports.ExtentTest.log(com.aventstack.extentreports.Status, String)&amp;quot; because &amp;quot;test.Listeners1.test1&amp;quot; is null">
      <![CDATA[java.lang.NullPointerException: Cannot invoke "com.aventstack.extentreports.ExtentTest.log(com.aventstack.extentreports.Status, String)" because "test.Listeners1.test1" is null
at test.Listeners1.onTestStart(Listeners1.java:31)
at java.base/java.util.ArrayList.forEach(ArrayList.java:1597)
... Removed 24 stack frames]]>
    </failure>
  </testcase> <!-- loginWithValidUser -->
  <testcase classname="test.SwagLabLoginTest" name="loginWithValidUser" time="6.685">
    <failure type="java.lang.NullPointerException" message="Cannot invoke &amp;quot;com.aventstack.extentreports.ExtentTest.log(com.aventstack.extentreports.Status, String)&amp;quot; because &amp;quot;test.Listeners1.test1&amp;quot; is null">
      <![CDATA[java.lang.NullPointerException: Cannot invoke "com.aventstack.extentreports.ExtentTest.log(com.aventstack.extentreports.Status, String)" because "test.Listeners1.test1" is null
at test.Listeners1.onTestFailure(Listeners1.java:45)
at java.base/java.util.ArrayList.forEach(ArrayList.java:1597)
... Removed 24 stack frames]]>
    </failure>
  </testcase> <!-- loginWithValidUser -->
  <testcase classname="test.SwagLabLoginTest" name="loginWithPerformanceGlitchUser" time="0.0">
    <ignored/>
  </testcase> <!-- loginWithPerformanceGlitchUser -->
  <testcase classname="test.SwagLabLoginTest" name="loginWithProblemUser" time="0.0">
    <ignored/>
  </testcase> <!-- loginWithProblemUser -->
</testsuite> <!-- Default test(failed) -->
